<?xml version="1.0" encoding="utf-8"?><testsuites name="pytest tests"><testsuite name="pytest" errors="0" failures="1" skipped="0" tests="17" time="10.177" timestamp="2026-02-21T06:58:37.445453+00:00" hostname="agent-env-b1c06b93-f353-4c54-bd50-5bea06a86100"><testcase classname="backend.tests.test_image_upload.TestImageUploadEndpoint" name="test_upload_image_jpeg_success" time="1.370" /><testcase classname="backend.tests.test_image_upload.TestImageUploadEndpoint" name="test_upload_image_png_success" time="0.420" /><testcase classname="backend.tests.test_image_upload.TestImageUploadEndpoint" name="test_upload_image_webp_success" time="0.465" /><testcase classname="backend.tests.test_image_upload.TestImageUploadEndpoint" name="test_upload_image_with_category_banners" time="0.533" /><testcase classname="backend.tests.test_image_upload.TestImageUploadEndpoint" name="test_upload_image_with_category_branding" time="0.412" /><testcase classname="backend.tests.test_image_upload.TestImageUploadEndpoint" name="test_upload_image_invalid_type" time="0.409" /><testcase classname="backend.tests.test_image_upload.TestImageUploadEndpoint" name="test_upload_image_no_auth" time="0.388" /><testcase classname="backend.tests.test_image_upload.TestImageUploadEndpoint" name="test_uploaded_image_accessible" time="0.793" /><testcase classname="backend.tests.test_image_upload.TestImageUploadIntegration" name="test_driver_can_have_photo_url" time="0.828" /><testcase classname="backend.tests.test_image_upload.TestImageUploadIntegration" name="test_vehicle_can_have_image_url" time="0.823"><failure message="AssertionError: Failed to create vehicle: {&quot;detail&quot;:&quot;Method Not Allowed&quot;}&#10;assert 405 in [200, 201]&#10; +  where 405 = &lt;Response [405]&gt;.status_code">backend/tests/test_image_upload.py:255: in test_vehicle_can_have_image_url
    assert response.status_code in [200, 201], f"Failed to create vehicle: {response.text}"
E   AssertionError: Failed to create vehicle: {"detail":"Method Not Allowed"}
E   assert 405 in [200, 201]
E    +  where 405 = &lt;Response [405]&gt;.status_code</failure></testcase><testcase classname="backend.tests.test_image_upload.TestImageUploadIntegration" name="test_cms_settings_can_have_images" time="1.186" /><testcase classname="backend.tests.test_image_upload.TestImageUploadCategories" name="test_upload_to_category[drivers]" time="0.410" /><testcase classname="backend.tests.test_image_upload.TestImageUploadCategories" name="test_upload_to_category[vehicles]" time="0.422" /><testcase classname="backend.tests.test_image_upload.TestImageUploadCategories" name="test_upload_to_category[banners]" time="0.427" /><testcase classname="backend.tests.test_image_upload.TestImageUploadCategories" name="test_upload_to_category[branding]" time="0.391" /><testcase classname="backend.tests.test_image_upload.TestImageUploadCategories" name="test_upload_to_category[media]" time="0.399" /><testcase classname="backend.tests.test_image_upload.TestImageUploadCategories" name="test_upload_to_category[general]" time="0.416" /></testsuite></testsuites>