<?xml version="1.0" encoding="utf-8"?><testsuites name="pytest tests"><testsuite name="pytest" errors="0" failures="3" skipped="7" tests="16" time="19.744" timestamp="2026-02-02T01:11:51.600704+00:00" hostname="agent-env-8cdfe2b8-f0cf-4c79-834b-53df36289e46"><testcase classname="backend.tests.test_invoice_management.TestInvoiceManagement" name="test_get_invoices_admin" time="1.132" /><testcase classname="backend.tests.test_invoice_management.TestInvoiceManagement" name="test_get_invoices_fleet" time="0.767"><skipped type="pytest.skip" message="Fleet authentication failed: 401">/app/backend/tests/test_invoice_management.py:46: Fleet authentication failed: 401</skipped></testcase><testcase classname="backend.tests.test_invoice_management.TestInvoiceManagement" name="test_get_invoices_by_type" time="2.468" /><testcase classname="backend.tests.test_invoice_management.TestInvoiceManagement" name="test_get_uninvoiced_bookings_customer" time="1.405"><failure message="AssertionError: Expected 200, got 404: {&quot;detail&quot;:&quot;Invoice not found&quot;}&#10;assert 404 == 200&#10; +  where 404 = &lt;Response [404]&gt;.status_code">backend/tests/test_invoice_management.py:98: in test_get_uninvoiced_bookings_customer
    assert response.status_code == 200, f"Expected 200, got {response.status_code}: {response.text}"
E   AssertionError: Expected 200, got 404: {"detail":"Invoice not found"}
E   assert 404 == 200
E    +  where 404 = &lt;Response [404]&gt;.status_code</failure></testcase><testcase classname="backend.tests.test_invoice_management.TestInvoiceManagement" name="test_get_uninvoiced_bookings_fleet" time="1.008"><failure message="AssertionError: Expected 200, got 404: {&quot;detail&quot;:&quot;Invoice not found&quot;}&#10;assert 404 == 200&#10; +  where 404 = &lt;Response [404]&gt;.status_code">backend/tests/test_invoice_management.py:110: in test_get_uninvoiced_bookings_fleet
    assert response.status_code == 200, f"Expected 200, got {response.status_code}: {response.text}"
E   AssertionError: Expected 200, got 404: {"detail":"Invoice not found"}
E   assert 404 == 200
E    +  where 404 = &lt;Response [404]&gt;.status_code</failure></testcase><testcase classname="backend.tests.test_invoice_management.TestInvoiceManagement" name="test_get_uninvoiced_bookings_driver" time="1.213"><failure message="AssertionError: Expected 200, got 404: {&quot;detail&quot;:&quot;Invoice not found&quot;}&#10;assert 404 == 200&#10; +  where 404 = &lt;Response [404]&gt;.status_code">backend/tests/test_invoice_management.py:122: in test_get_uninvoiced_bookings_driver
    assert response.status_code == 200, f"Expected 200, got {response.status_code}: {response.text}"
E   AssertionError: Expected 200, got 404: {"detail":"Invoice not found"}
E   assert 404 == 200
E    +  where 404 = &lt;Response [404]&gt;.status_code</failure></testcase><testcase classname="backend.tests.test_invoice_management.TestInvoiceManagement" name="test_auto_generate_fleet_invoices" time="1.421" /><testcase classname="backend.tests.test_invoice_management.TestInvoiceManagement" name="test_invoice_workflow_approve_issue_paid" time="0.984"><skipped type="pytest.skip" message="Could not get uninvoiced bookings">/app/backend/tests/test_invoice_management.py:160: Could not get uninvoiced bookings</skipped></testcase><testcase classname="backend.tests.test_invoice_management.TestInvoiceManagement" name="test_generate_customer_invoice" time="1.408"><skipped type="pytest.skip" message="Could not get uninvoiced bookings">/app/backend/tests/test_invoice_management.py:263: Could not get uninvoiced bookings</skipped></testcase><testcase classname="backend.tests.test_invoice_management.TestInvoiceManagement" name="test_generate_fleet_invoice" time="1.322"><skipped type="pytest.skip" message="Could not get uninvoiced bookings">/app/backend/tests/test_invoice_management.py:343: Could not get uninvoiced bookings</skipped></testcase><testcase classname="backend.tests.test_invoice_management.TestInvoiceManagement" name="test_update_invoice" time="1.092" /><testcase classname="backend.tests.test_invoice_management.TestInvoiceManagement" name="test_delete_invoice" time="1.310" /><testcase classname="backend.tests.test_invoice_management.TestInvoiceManagement" name="test_invoice_pdf_endpoint" time="1.313" /><testcase classname="backend.tests.test_invoice_management.TestInvoiceManagement" name="test_fleet_cannot_approve_invoice" time="1.630"><skipped type="pytest.skip" message="Fleet authentication failed: 401">/app/backend/tests/test_invoice_management.py:46: Fleet authentication failed: 401</skipped></testcase><testcase classname="backend.tests.test_invoice_management.TestInvoiceManagement" name="test_fleet_can_view_own_invoices" time="0.343"><skipped type="pytest.skip" message="Fleet authentication failed: 401">/app/backend/tests/test_invoice_management.py:46: Fleet authentication failed: 401</skipped></testcase><testcase classname="backend.tests.test_invoice_management.TestInvoiceManagement" name="test_fleet_can_download_own_invoice_pdf" time="0.767"><skipped type="pytest.skip" message="Fleet authentication failed: 401">/app/backend/tests/test_invoice_management.py:46: Fleet authentication failed: 401</skipped></testcase></testsuite></testsuites>