<?xml version="1.0" encoding="utf-8"?><testsuites name="pytest tests"><testsuite name="pytest" errors="0" failures="0" skipped="0" tests="21" time="18.516" timestamp="2026-02-21T19:42:44.536776+00:00" hostname="agent-env-9335ff68-5fb7-4c67-86f8-9ce218c3a00a"><testcase classname="backend.tests.test_invoicing_statements.TestInvoicingStatements" name="test_get_all_invoices" time="1.359" /><testcase classname="backend.tests.test_invoicing_statements.TestInvoicingStatements" name="test_get_invoice_by_id" time="0.854" /><testcase classname="backend.tests.test_invoicing_statements.TestInvoicingStatements" name="test_get_invoice_not_found" time="0.467" /><testcase classname="backend.tests.test_invoicing_statements.TestInvoicingStatements" name="test_get_drivers" time="0.453" /><testcase classname="backend.tests.test_invoicing_statements.TestInvoicingStatements" name="test_get_fleets" time="0.441" /><testcase classname="backend.tests.test_invoicing_statements.TestInvoicingStatements" name="test_get_customer_accounts" time="0.422" /><testcase classname="backend.tests.test_invoicing_statements.TestInvoicingStatements" name="test_driver_statement_summary" time="0.956" /><testcase classname="backend.tests.test_invoicing_statements.TestInvoicingStatements" name="test_driver_statement_generate_no_jobs" time="0.951" /><testcase classname="backend.tests.test_invoicing_statements.TestInvoicingStatements" name="test_fleet_statement_summary" time="0.904" /><testcase classname="backend.tests.test_invoicing_statements.TestInvoicingStatements" name="test_fleet_statement_generate_no_jobs" time="0.890" /><testcase classname="backend.tests.test_invoicing_statements.TestInvoicingStatements" name="test_customer_invoice_generate_no_jobs" time="0.868" /><testcase classname="backend.tests.test_invoicing_statements.TestInvoicingStatements" name="test_customer_invoice_generate_not_found" time="0.488" /><testcase classname="backend.tests.test_invoicing_statements.TestInvoicingStatements" name="test_create_custom_invoice_success" time="0.461" /><testcase classname="backend.tests.test_invoicing_statements.TestInvoicingStatements" name="test_create_custom_invoice_missing_fields" time="0.494" /><testcase classname="backend.tests.test_invoicing_statements.TestInvoicingStatements" name="test_create_custom_invoice_empty_line_items" time="0.455" /><testcase classname="backend.tests.test_invoicing_statements.TestInvoicingStatements" name="test_invoice_amend_success" time="0.903" /><testcase classname="backend.tests.test_invoicing_statements.TestInvoicingStatements" name="test_invoice_amend_not_found" time="0.450" /><testcase classname="backend.tests.test_invoicing_statements.TestInvoicingStatements" name="test_get_invoice_amendments" time="0.871" /><testcase classname="backend.tests.test_invoicing_statements.TestInvoicingStatements" name="test_invoice_approve" time="0.918" /><testcase classname="backend.tests.test_invoicing_statements.TestInvoicingStatements" name="test_invoice_issue" time="0.928" /><testcase classname="backend.tests.test_invoicing_statements.TestInvoicingStatements" name="test_invoice_mark_paid" time="3.883" /></testsuite></testsuites>