<?xml version="1.0" encoding="utf-8"?><testsuites name="pytest tests"><testsuite name="pytest" errors="0" failures="3" skipped="0" tests="22" time="20.573" timestamp="2026-01-31T05:03:35.508080+00:00" hostname="agent-env-41c087ae-c96d-41b4-afe3-84af37017bb5"><testcase classname="backend.tests.test_aircabio_api.TestHealthAndBasics" name="test_vehicles_endpoint_public" time="0.481" /><testcase classname="backend.tests.test_aircabio_api.TestHealthAndBasics" name="test_pricing_endpoint_public" time="0.768" /><testcase classname="backend.tests.test_aircabio_api.TestHealthAndBasics" name="test_fixed_routes_endpoint_public" time="0.449" /><testcase classname="backend.tests.test_aircabio_api.TestAdminAuth" name="test_admin_login_success" time="0.679" /><testcase classname="backend.tests.test_aircabio_api.TestAdminAuth" name="test_admin_login_invalid_credentials" time="0.780" /><testcase classname="backend.tests.test_aircabio_api.TestAdminAuth" name="test_admin_login_missing_fields" time="0.351" /><testcase classname="backend.tests.test_aircabio_api.TestFleetAuth" name="test_fleet_login_success" time="0.680" /><testcase classname="backend.tests.test_aircabio_api.TestFleetAuth" name="test_fleet_login_invalid_credentials" time="0.778" /><testcase classname="backend.tests.test_aircabio_api.TestAdminStats" name="test_admin_stats_endpoint" time="1.685" /><testcase classname="backend.tests.test_aircabio_api.TestAdminStats" name="test_admin_stats_unauthorized" time="0.343" /><testcase classname="backend.tests.test_aircabio_api.TestFleetManagement" name="test_get_fleets_list" time="1.556" /><testcase classname="backend.tests.test_aircabio_api.TestFleetManagement" name="test_get_fleets_unauthorized" time="0.449" /><testcase classname="backend.tests.test_aircabio_api.TestFleetStats" name="test_fleet_stats_endpoint" time="1.427"><failure message="assert 401 == 200&#10; +  where 401 = &lt;Response [401]&gt;.status_code">backend/tests/test_aircabio_api.py:247: in test_fleet_stats_endpoint
    assert response.status_code == 200
E   assert 401 == 200
E    +  where 401 = &lt;Response [401]&gt;.status_code</failure></testcase><testcase classname="backend.tests.test_aircabio_api.TestFleetStats" name="test_fleet_stats_unauthorized" time="0.772" /><testcase classname="backend.tests.test_aircabio_api.TestFleetStats" name="test_fleet_jobs_endpoint" time="1.772"><failure message="assert 401 == 200&#10; +  where 401 = &lt;Response [401]&gt;.status_code">backend/tests/test_aircabio_api.py:278: in test_fleet_jobs_endpoint
    assert response.status_code == 200
E   assert 401 == 200
E    +  where 401 = &lt;Response [401]&gt;.status_code</failure></testcase><testcase classname="backend.tests.test_aircabio_api.TestAdminBookings" name="test_get_all_bookings" time="1.336" /><testcase classname="backend.tests.test_aircabio_api.TestAdminBookings" name="test_get_bookings_unauthorized" time="0.761" /><testcase classname="backend.tests.test_aircabio_api.TestAuthMe" name="test_auth_me_with_admin_token" time="1.331" /><testcase classname="backend.tests.test_aircabio_api.TestAuthMe" name="test_auth_me_with_fleet_token" time="1.036"><failure message="assert 401 == 200&#10; +  where 401 = &lt;Response [401]&gt;.status_code">backend/tests/test_aircabio_api.py:367: in test_auth_me_with_fleet_token
    assert response.status_code == 200
E   assert 401 == 200
E    +  where 401 = &lt;Response [401]&gt;.status_code</failure></testcase><testcase classname="backend.tests.test_aircabio_api.TestAuthMe" name="test_auth_me_unauthorized" time="0.730" /><testcase classname="backend.tests.test_aircabio_api.TestInvoices" name="test_get_invoices_admin" time="1.332" /><testcase classname="backend.tests.test_aircabio_api.TestDrivers" name="test_get_drivers_admin" time="0.910" /></testsuite></testsuites>