<?xml version="1.0" encoding="utf-8"?><testsuites name="pytest tests"><testsuite name="pytest" errors="0" failures="0" skipped="0" tests="13" time="16.464" timestamp="2026-02-05T01:41:33.998092+00:00" hostname="agent-env-f8890006-56f2-49f8-a00e-9abe806e2fdf"><testcase classname="backend.tests.test_tracking_map_alerts.TestTrackingMapAndAlerts" name="test_admin_tracking_endpoint_returns_data" time="1.546" /><testcase classname="backend.tests.test_tracking_map_alerts.TestTrackingMapAndAlerts" name="test_admin_tracking_returns_alerts" time="1.183" /><testcase classname="backend.tests.test_tracking_map_alerts.TestTrackingMapAndAlerts" name="test_admin_tracking_distance_alert" time="1.184" /><testcase classname="backend.tests.test_tracking_map_alerts.TestTrackingMapAndAlerts" name="test_admin_tracking_session_status" time="1.076" /><testcase classname="backend.tests.test_tracking_map_alerts.TestTrackingMapAndAlerts" name="test_admin_tracking_latest_location" time="1.095" /><testcase classname="backend.tests.test_tracking_map_alerts.TestTrackingMapAndAlerts" name="test_pdf_report_contains_openstreetmap" time="1.182" /><testcase classname="backend.tests.test_tracking_map_alerts.TestTrackingMapAndAlerts" name="test_pdf_report_contains_route_overview" time="1.068" /><testcase classname="backend.tests.test_tracking_map_alerts.TestTrackingMapAndAlerts" name="test_pdf_report_contains_key_location_points" time="1.069" /><testcase classname="backend.tests.test_tracking_map_alerts.TestTrackingMapAndAlerts" name="test_pdf_report_tracking_summary" time="1.510" /><testcase classname="backend.tests.test_tracking_map_alerts.TestTrackingMapAndAlerts" name="test_fleet_tracking_endpoint" time="2.251" /><testcase classname="backend.tests.test_tracking_map_alerts.TestTrackingMapAndAlerts" name="test_tracking_session_has_started_at" time="1.064" /><testcase classname="backend.tests.test_tracking_map_alerts.TestTrackingMapAndAlerts" name="test_booking_has_pickup_coordinates" time="1.068" /><testcase classname="backend.tests.test_tracking_map_alerts.TestTrackingWithoutSession" name="test_tracking_returns_404_for_no_session" time="1.096" /></testsuite></testsuites>