<?xml version="1.0" encoding="utf-8"?><testsuites name="pytest tests"><testsuite name="pytest" errors="0" failures="0" skipped="1" tests="17" time="9.669" timestamp="2026-02-21T06:59:28.073839+00:00" hostname="agent-env-b1c06b93-f353-4c54-bd50-5bea06a86100"><testcase classname="backend.tests.test_image_upload.TestImageUploadEndpoint" name="test_upload_image_jpeg_success" time="1.309" /><testcase classname="backend.tests.test_image_upload.TestImageUploadEndpoint" name="test_upload_image_png_success" time="0.403" /><testcase classname="backend.tests.test_image_upload.TestImageUploadEndpoint" name="test_upload_image_webp_success" time="0.426" /><testcase classname="backend.tests.test_image_upload.TestImageUploadEndpoint" name="test_upload_image_with_category_banners" time="0.573" /><testcase classname="backend.tests.test_image_upload.TestImageUploadEndpoint" name="test_upload_image_with_category_branding" time="0.403" /><testcase classname="backend.tests.test_image_upload.TestImageUploadEndpoint" name="test_upload_image_invalid_type" time="0.435" /><testcase classname="backend.tests.test_image_upload.TestImageUploadEndpoint" name="test_upload_image_no_auth" time="0.390" /><testcase classname="backend.tests.test_image_upload.TestImageUploadEndpoint" name="test_uploaded_image_accessible" time="0.834" /><testcase classname="backend.tests.test_image_upload.TestImageUploadIntegration" name="test_driver_can_have_photo_url" time="1.191" /><testcase classname="backend.tests.test_image_upload.TestImageUploadIntegration" name="test_vehicle_can_have_image_url" time="0.000"><skipped type="pytest.skip" message="Vehicle model doesn't return image_url in response - schema limitation">/app/backend/tests/test_image_upload.py:228: Vehicle model doesn't return image_url in response - schema limitation</skipped></testcase><testcase classname="backend.tests.test_image_upload.TestImageUploadIntegration" name="test_cms_settings_can_have_images" time="1.198" /><testcase classname="backend.tests.test_image_upload.TestImageUploadCategories" name="test_upload_to_category[drivers]" time="0.424" /><testcase classname="backend.tests.test_image_upload.TestImageUploadCategories" name="test_upload_to_category[vehicles]" time="0.394" /><testcase classname="backend.tests.test_image_upload.TestImageUploadCategories" name="test_upload_to_category[banners]" time="0.405" /><testcase classname="backend.tests.test_image_upload.TestImageUploadCategories" name="test_upload_to_category[branding]" time="0.401" /><testcase classname="backend.tests.test_image_upload.TestImageUploadCategories" name="test_upload_to_category[media]" time="0.427" /><testcase classname="backend.tests.test_image_upload.TestImageUploadCategories" name="test_upload_to_category[general]" time="0.388" /></testsuite></testsuites>