<?xml version="1.0" encoding="utf-8"?><testsuites name="pytest tests"><testsuite name="pytest" errors="0" failures="0" skipped="0" tests="15" time="10.347" timestamp="2026-02-04T02:14:31.519231+00:00" hostname="agent-env-f8890006-56f2-49f8-a00e-9abe806e2fdf"><testcase classname="backend.tests.test_driver_tracking.TestOGMetaTags" name="test_og_meta_tags_present" time="0.377" /><testcase classname="backend.tests.test_driver_tracking.TestOGMetaTags" name="test_no_emergent_branding" time="0.344" /><testcase classname="backend.tests.test_driver_tracking.TestTrackingSessionPublicEndpoints" name="test_get_tracking_session_by_token" time="0.450" /><testcase classname="backend.tests.test_driver_tracking.TestTrackingSessionPublicEndpoints" name="test_get_tracking_session_invalid_token" time="0.771" /><testcase classname="backend.tests.test_driver_tracking.TestTrackingSessionPublicEndpoints" name="test_update_driver_location" time="0.779" /><testcase classname="backend.tests.test_driver_tracking.TestTrackingSessionPublicEndpoints" name="test_tracking_control_start" time="0.451" /><testcase classname="backend.tests.test_driver_tracking.TestTrackingSessionPublicEndpoints" name="test_tracking_control_invalid_action" time="0.342" /><testcase classname="backend.tests.test_driver_tracking.TestTrackingAdminEndpoints" name="test_generate_tracking_link_requires_auth" time="0.762" /><testcase classname="backend.tests.test_driver_tracking.TestTrackingAdminEndpoints" name="test_admin_tracking_requires_auth" time="0.666" /><testcase classname="backend.tests.test_driver_tracking.TestTrackingAdminEndpoints" name="test_get_admin_tracking_data" time="1.405" /><testcase classname="backend.tests.test_driver_tracking.TestTrackingAdminEndpoints" name="test_get_all_active_tracking" time="0.451" /><testcase classname="backend.tests.test_driver_tracking.TestTrackingAdminEndpoints" name="test_generate_tracking_link_for_booking" time="0.807" /><testcase classname="backend.tests.test_driver_tracking.TestTrackingAdminEndpoints" name="test_generate_tracking_link_no_driver" time="1.434" /><testcase classname="backend.tests.test_driver_tracking.TestTrackingReport" name="test_download_tracking_report_requires_auth" time="0.345" /><testcase classname="backend.tests.test_driver_tracking.TestTrackingReport" name="test_download_tracking_report" time="0.909" /></testsuite></testsuites>