<?xml version="1.0" encoding="utf-8"?><testsuites name="pytest tests"><testsuite name="pytest" errors="0" failures="15" skipped="1" tests="17" time="8.659" timestamp="2026-02-21T06:58:00.400701+00:00" hostname="agent-env-b1c06b93-f353-4c54-bd50-5bea06a86100"><testcase classname="backend.tests.test_image_upload.TestImageUploadEndpoint" name="test_upload_image_jpeg_success" time="1.320"><failure message="AssertionError: Upload failed: {&quot;detail&quot;:&quot;Invalid token&quot;}&#10;assert 401 == 200&#10; +  where 401 = &lt;Response [401]&gt;.status_code">backend/tests/test_image_upload.py:53: in test_upload_image_jpeg_success
    assert response.status_code == 200, f"Upload failed: {response.text}"
E   AssertionError: Upload failed: {"detail":"Invalid token"}
E   assert 401 == 200
E    +  where 401 = &lt;Response [401]&gt;.status_code</failure></testcase><testcase classname="backend.tests.test_image_upload.TestImageUploadEndpoint" name="test_upload_image_png_success" time="0.429"><failure message="AssertionError: Upload failed: {&quot;detail&quot;:&quot;Invalid token&quot;}&#10;assert 401 == 200&#10; +  where 401 = &lt;Response [401]&gt;.status_code">backend/tests/test_image_upload.py:75: in test_upload_image_png_success
    assert response.status_code == 200, f"Upload failed: {response.text}"
E   AssertionError: Upload failed: {"detail":"Invalid token"}
E   assert 401 == 200
E    +  where 401 = &lt;Response [401]&gt;.status_code</failure></testcase><testcase classname="backend.tests.test_image_upload.TestImageUploadEndpoint" name="test_upload_image_webp_success" time="0.640"><failure message="AssertionError: Upload failed: {&quot;detail&quot;:&quot;Invalid token&quot;}&#10;assert 401 == 200&#10; +  where 401 = &lt;Response [401]&gt;.status_code">backend/tests/test_image_upload.py:96: in test_upload_image_webp_success
    assert response.status_code == 200, f"Upload failed: {response.text}"
E   AssertionError: Upload failed: {"detail":"Invalid token"}
E   assert 401 == 200
E    +  where 401 = &lt;Response [401]&gt;.status_code</failure></testcase><testcase classname="backend.tests.test_image_upload.TestImageUploadEndpoint" name="test_upload_image_with_category_banners" time="0.619"><failure message="assert 401 == 200&#10; +  where 401 = &lt;Response [401]&gt;.status_code">backend/tests/test_image_upload.py:117: in test_upload_image_with_category_banners
    assert response.status_code == 200
E   assert 401 == 200
E    +  where 401 = &lt;Response [401]&gt;.status_code</failure></testcase><testcase classname="backend.tests.test_image_upload.TestImageUploadEndpoint" name="test_upload_image_with_category_branding" time="0.437"><failure message="assert 401 == 200&#10; +  where 401 = &lt;Response [401]&gt;.status_code">backend/tests/test_image_upload.py:137: in test_upload_image_with_category_branding
    assert response.status_code == 200
E   assert 401 == 200
E    +  where 401 = &lt;Response [401]&gt;.status_code</failure></testcase><testcase classname="backend.tests.test_image_upload.TestImageUploadEndpoint" name="test_upload_image_invalid_type" time="0.440"><failure message="AssertionError: Should reject invalid file: {&quot;detail&quot;:&quot;Invalid token&quot;}&#10;assert 401 == 400&#10; +  where 401 = &lt;Response [401]&gt;.status_code">backend/tests/test_image_upload.py:151: in test_upload_image_invalid_type
    assert response.status_code == 400, f"Should reject invalid file: {response.text}"
E   AssertionError: Should reject invalid file: {"detail":"Invalid token"}
E   assert 401 == 400
E    +  where 401 = &lt;Response [401]&gt;.status_code</failure></testcase><testcase classname="backend.tests.test_image_upload.TestImageUploadEndpoint" name="test_upload_image_no_auth" time="0.433" /><testcase classname="backend.tests.test_image_upload.TestImageUploadEndpoint" name="test_uploaded_image_accessible" time="0.407"><failure message="assert 401 == 200&#10; +  where 401 = &lt;Response [401]&gt;.status_code">backend/tests/test_image_upload.py:187: in test_uploaded_image_accessible
    assert response.status_code == 200
E   assert 401 == 200
E    +  where 401 = &lt;Response [401]&gt;.status_code</failure></testcase><testcase classname="backend.tests.test_image_upload.TestImageUploadIntegration" name="test_driver_can_have_photo_url" time="0.442"><failure message="AssertionError: Failed to create driver: {&quot;detail&quot;:&quot;Invalid token&quot;}&#10;assert 401 in [200, 201]&#10; +  where 401 = &lt;Response [401]&gt;.status_code">backend/tests/test_image_upload.py:219: in test_driver_can_have_photo_url
    assert response.status_code in [200, 201], f"Failed to create driver: {response.text}"
E   AssertionError: Failed to create driver: {"detail":"Invalid token"}
E   assert 401 in [200, 201]
E    +  where 401 = &lt;Response [401]&gt;.status_code</failure></testcase><testcase classname="backend.tests.test_image_upload.TestImageUploadIntegration" name="test_vehicle_can_have_image_url" time="0.447"><skipped type="pytest.skip" message="No vehicle categories available">/app/backend/tests/test_image_upload.py:236: No vehicle categories available</skipped></testcase><testcase classname="backend.tests.test_image_upload.TestImageUploadIntegration" name="test_cms_settings_can_have_images" time="0.419"><failure message="assert 401 == 200&#10; +  where 401 = &lt;Response [401]&gt;.status_code">backend/tests/test_image_upload.py:268: in test_cms_settings_can_have_images
    assert response.status_code == 200
E   assert 401 == 200
E    +  where 401 = &lt;Response [401]&gt;.status_code</failure></testcase><testcase classname="backend.tests.test_image_upload.TestImageUploadCategories" name="test_upload_to_category[drivers]" time="0.399"><failure message="AssertionError: Failed for category drivers: {&quot;detail&quot;:&quot;Invalid token&quot;}&#10;assert 401 == 200&#10; +  where 401 = &lt;Response [401]&gt;.status_code">backend/tests/test_image_upload.py:314: in test_upload_to_category
    assert response.status_code == 200, f"Failed for category {category}: {response.text}"
E   AssertionError: Failed for category drivers: {"detail":"Invalid token"}
E   assert 401 == 200
E    +  where 401 = &lt;Response [401]&gt;.status_code</failure></testcase><testcase classname="backend.tests.test_image_upload.TestImageUploadCategories" name="test_upload_to_category[vehicles]" time="0.407"><failure message="AssertionError: Failed for category vehicles: {&quot;detail&quot;:&quot;Invalid token&quot;}&#10;assert 401 == 200&#10; +  where 401 = &lt;Response [401]&gt;.status_code">backend/tests/test_image_upload.py:314: in test_upload_to_category
    assert response.status_code == 200, f"Failed for category {category}: {response.text}"
E   AssertionError: Failed for category vehicles: {"detail":"Invalid token"}
E   assert 401 == 200
E    +  where 401 = &lt;Response [401]&gt;.status_code</failure></testcase><testcase classname="backend.tests.test_image_upload.TestImageUploadCategories" name="test_upload_to_category[banners]" time="0.403"><failure message="AssertionError: Failed for category banners: {&quot;detail&quot;:&quot;Invalid token&quot;}&#10;assert 401 == 200&#10; +  where 401 = &lt;Response [401]&gt;.status_code">backend/tests/test_image_upload.py:314: in test_upload_to_category
    assert response.status_code == 200, f"Failed for category {category}: {response.text}"
E   AssertionError: Failed for category banners: {"detail":"Invalid token"}
E   assert 401 == 200
E    +  where 401 = &lt;Response [401]&gt;.status_code</failure></testcase><testcase classname="backend.tests.test_image_upload.TestImageUploadCategories" name="test_upload_to_category[branding]" time="0.395"><failure message="AssertionError: Failed for category branding: {&quot;detail&quot;:&quot;Invalid token&quot;}&#10;assert 401 == 200&#10; +  where 401 = &lt;Response [401]&gt;.status_code">backend/tests/test_image_upload.py:314: in test_upload_to_category
    assert response.status_code == 200, f"Failed for category {category}: {response.text}"
E   AssertionError: Failed for category branding: {"detail":"Invalid token"}
E   assert 401 == 200
E    +  where 401 = &lt;Response [401]&gt;.status_code</failure></testcase><testcase classname="backend.tests.test_image_upload.TestImageUploadCategories" name="test_upload_to_category[media]" time="0.410"><failure message="AssertionError: Failed for category media: {&quot;detail&quot;:&quot;Invalid token&quot;}&#10;assert 401 == 200&#10; +  where 401 = &lt;Response [401]&gt;.status_code">backend/tests/test_image_upload.py:314: in test_upload_to_category
    assert response.status_code == 200, f"Failed for category {category}: {response.text}"
E   AssertionError: Failed for category media: {"detail":"Invalid token"}
E   assert 401 == 200
E    +  where 401 = &lt;Response [401]&gt;.status_code</failure></testcase><testcase classname="backend.tests.test_image_upload.TestImageUploadCategories" name="test_upload_to_category[general]" time="0.412"><failure message="AssertionError: Failed for category general: {&quot;detail&quot;:&quot;Invalid token&quot;}&#10;assert 401 == 200&#10; +  where 401 = &lt;Response [401]&gt;.status_code">backend/tests/test_image_upload.py:314: in test_upload_to_category
    assert response.status_code == 200, f"Failed for category {category}: {response.text}"
E   AssertionError: Failed for category general: {"detail":"Invalid token"}
E   assert 401 == 200
E    +  where 401 = &lt;Response [401]&gt;.status_code</failure></testcase></testsuite></testsuites>