<?xml version="1.0" encoding="utf-8"?><testsuites name="pytest tests"><testsuite name="pytest" errors="0" failures="0" skipped="0" tests="8" time="15.689" timestamp="2026-02-04T01:34:04.302822+00:00" hostname="agent-env-f8890006-56f2-49f8-a00e-9abe806e2fdf"><testcase classname="backend.tests.test_cms_settings.TestCMSSettings" name="test_public_website_settings_endpoint" time="1.176" /><testcase classname="backend.tests.test_cms_settings.TestCMSSettings" name="test_admin_website_settings_endpoint" time="1.918" /><testcase classname="backend.tests.test_cms_settings.TestCMSSettings" name="test_save_website_settings" time="2.264" /><testcase classname="backend.tests.test_cms_settings.TestCMSSettings" name="test_save_hero_section_settings" time="1.807" /><testcase classname="backend.tests.test_cms_settings.TestCMSSettings" name="test_save_social_media_settings" time="1.646" /><testcase classname="backend.tests.test_cms_settings.TestCMSSettings" name="test_save_contact_info_settings" time="1.334" /><testcase classname="backend.tests.test_cms_settings.TestCMSSettings" name="test_settings_persistence" time="3.344" /><testcase classname="backend.tests.test_cms_settings.TestCMSSettings" name="test_unauthorized_save_rejected" time="2.149" /></testsuite></testsuites>