<?xml version="1.0" encoding="utf-8"?><testsuites name="pytest tests"><testsuite name="pytest" errors="0" failures="1" skipped="0" tests="16" time="22.130" timestamp="2026-01-31T05:45:58.868515+00:00" hostname="agent-env-41c087ae-c96d-41b4-afe3-84af37017bb5"><testcase classname="tests.test_phase3_super_admin.TestManualBookingCreation" name="test_create_manual_booking_with_dual_pricing" time="1.641" /><testcase classname="tests.test_phase3_super_admin.TestManualBookingCreation" name="test_create_manual_booking_with_fleet_assignment" time="1.965" /><testcase classname="tests.test_phase3_super_admin.TestManualBookingCreation" name="test_create_manual_booking_unauthorized" time="1.358" /><testcase classname="tests.test_phase3_super_admin.TestAdminBookingsWithPricing" name="test_admin_bookings_include_pricing_fields" time="1.044" /><testcase classname="tests.test_phase3_super_admin.TestJobStatusSystem" name="test_job_statuses_available" time="0.363" /><testcase classname="tests.test_phase3_super_admin.TestJobAssignment" name="test_assign_job_to_fleet" time="2.458" /><testcase classname="tests.test_phase3_super_admin.TestFleetDashboardPricing" name="test_fleet_jobs_hide_customer_price_and_profit" time="1.348" /><testcase classname="tests.test_phase3_super_admin.TestFleetDashboardPricing" name="test_fleet_stats_show_earnings_based_on_driver_price" time="1.036" /><testcase classname="tests.test_phase3_super_admin.TestFleetManagementForms" name="test_create_fleet" time="1.241"><failure message="AssertionError: assert 'temporary_password' in {'city': 'London', 'commission_type': 'percentage', 'commission_value': 15.0, 'contact_person': 'Test Contact', ...}">tests/test_phase3_super_admin.py:361: in test_create_fleet
    assert "temporary_password" in data  # New fleet gets a temporary password
    ^^^^^^^^^^^^^^^^^^^^^^^^^^^^^^^^^^^
E   AssertionError: assert 'temporary_password' in {'city': 'London', 'commission_type': 'percentage', 'commission_value': 15.0, 'contact_person': 'Test Contact', ...}</failure></testcase><testcase classname="tests.test_phase3_super_admin.TestFleetManagementForms" name="test_create_driver" time="1.022" /><testcase classname="tests.test_phase3_super_admin.TestFleetManagementForms" name="test_create_vehicle" time="1.482" /><testcase classname="tests.test_phase3_super_admin.TestFleetManagementForms" name="test_get_all_vehicles" time="1.137" /><testcase classname="tests.test_phase3_super_admin.TestDateRangeFilters" name="test_bookings_with_date_filter" time="1.339" /><testcase classname="tests.test_phase3_super_admin.TestDateRangeFilters" name="test_bookings_with_status_filter" time="1.032" /><testcase classname="tests.test_phase3_super_admin.TestInvoices" name="test_get_invoices_list" time="1.527" /><testcase classname="tests.test_phase3_super_admin.TestFleetJobAcceptance" name="test_fleet_can_accept_assigned_job" time="2.032" /></testsuite></testsuites>