<?xml version="1.0" encoding="utf-8"?><testsuites name="pytest tests"><testsuite name="pytest" errors="0" failures="0" skipped="0" tests="17" time="7.181" timestamp="2026-02-08T07:40:54.248936+00:00" hostname="agent-env-8fbff3eb-089a-437b-b990-6f5f1d030d73"><testcase classname="backend.tests.test_review_email_features.TestCustomerReviewAPI" name="test_customer_tracking_returns_booking_data" time="0.479" /><testcase classname="backend.tests.test_review_email_features.TestCustomerReviewAPI" name="test_customer_tracking_returns_rating_for_rated_booking" time="0.446" /><testcase classname="backend.tests.test_review_email_features.TestCustomerReviewAPI" name="test_customer_tracking_returns_null_rating_for_unrated_booking" time="0.457" /><testcase classname="backend.tests.test_review_email_features.TestCustomerReviewAPI" name="test_customer_tracking_404_for_invalid_booking" time="0.347" /><testcase classname="backend.tests.test_review_email_features.TestCustomerReviewAPI" name="test_customer_rating_400_for_already_rated" time="0.447" /><testcase classname="backend.tests.test_review_email_features.TestCustomerReviewAPI" name="test_customer_rating_400_for_non_completed_booking" time="0.347" /><testcase classname="backend.tests.test_review_email_features.TestAdminRatingsAPI" name="test_admin_ratings_summary" time="1.130" /><testcase classname="backend.tests.test_review_email_features.TestAdminRatingsAPI" name="test_admin_ratings_list" time="1.015" /><testcase classname="backend.tests.test_review_email_features.TestAdminRatingsAPI" name="test_admin_ratings_requires_auth" time="0.446" /><testcase classname="backend.tests.test_review_email_features.TestFleetRatingsAPI" name="test_fleet_ratings_summary" time="1.459" /><testcase classname="backend.tests.test_review_email_features.TestFleetRatingsAPI" name="test_fleet_ratings_requires_fleet_auth" time="0.444" /><testcase classname="backend.tests.test_review_email_features.TestPDFInvoiceGeneration" name="test_generate_invoice_pdf" time="0.081" /><testcase classname="backend.tests.test_review_email_features.TestPDFInvoiceGeneration" name="test_generate_invoice_pdf_with_child_seats" time="0.003" /><testcase classname="backend.tests.test_review_email_features.TestPDFInvoiceGeneration" name="test_generate_invoice_pdf_different_currencies" time="0.007" /><testcase classname="backend.tests.test_review_email_features.TestEmailServiceFunctions" name="test_send_completion_with_invoice_exists" time="0.000" /><testcase classname="backend.tests.test_review_email_features.TestEmailServiceFunctions" name="test_send_review_invitation_exists" time="0.000" /><testcase classname="backend.tests.test_review_email_features.TestEmailServiceFunctions" name="test_generate_invoice_pdf_exists" time="0.000" /></testsuite></testsuites>