<?xml version="1.0" encoding="utf-8"?><testsuites name="pytest tests"><testsuite name="pytest" errors="0" failures="0" skipped="0" tests="15" time="28.215" timestamp="2026-02-02T00:11:45.797225+00:00" hostname="agent-env-8cdfe2b8-f0cf-4c79-834b-53df36289e46"><testcase classname="backend.tests.test_b2b_customers_notes_history.TestAuthentication" name="test_admin_login" time="0.713" /><testcase classname="backend.tests.test_b2b_customers_notes_history.TestCustomerAccounts" name="test_get_customers_list" time="1.446" /><testcase classname="backend.tests.test_b2b_customers_notes_history.TestCustomerAccounts" name="test_create_customer_account" time="1.793" /><testcase classname="backend.tests.test_b2b_customers_notes_history.TestCustomerAccounts" name="test_get_single_customer" time="1.720" /><testcase classname="backend.tests.test_b2b_customers_notes_history.TestCustomerAccounts" name="test_update_customer_account" time="2.458" /><testcase classname="backend.tests.test_b2b_customers_notes_history.TestCustomerAccounts" name="test_delete_customer_account" time="2.032" /><testcase classname="backend.tests.test_b2b_customers_notes_history.TestCustomerAccounts" name="test_search_customers" time="2.140" /><testcase classname="backend.tests.test_b2b_customers_notes_history.TestCustomerAccounts" name="test_filter_customers_by_status" time="1.443" /><testcase classname="backend.tests.test_b2b_customers_notes_history.TestBookingNotes" name="test_get_booking_notes_empty" time="1.685" /><testcase classname="backend.tests.test_b2b_customers_notes_history.TestBookingNotes" name="test_add_booking_note" time="1.853" /><testcase classname="backend.tests.test_b2b_customers_notes_history.TestBookingNotes" name="test_update_booking_note" time="2.260" /><testcase classname="backend.tests.test_b2b_customers_notes_history.TestBookingNotes" name="test_delete_booking_note" time="2.375" /><testcase classname="backend.tests.test_b2b_customers_notes_history.TestBookingHistory" name="test_get_booking_history" time="1.478" /><testcase classname="backend.tests.test_b2b_customers_notes_history.TestBookingHistory" name="test_history_created_on_booking_creation" time="2.191" /><testcase classname="backend.tests.test_b2b_customers_notes_history.TestBookingWithCustomerAccount" name="test_create_booking_with_customer_account" time="2.569" /></testsuite></testsuites>