<?xml version="1.0" encoding="utf-8"?><testsuites name="pytest tests"><testsuite name="pytest" errors="0" failures="0" skipped="0" tests="12" time="28.363" timestamp="2026-02-01T15:35:45.758534+00:00" hostname="agent-env-ffd250f2-5958-40d3-a6e5-abf7d0ffe25d"><testcase classname="backend.tests.test_fleet_management.TestFleetAssignmentWithDriverPrice" name="test_create_booking_and_assign_with_driver_price" time="3.880" /><testcase classname="backend.tests.test_fleet_management.TestFleetDashboardJobs" name="test_fleet_sees_assigned_jobs" time="4.400" /><testcase classname="backend.tests.test_fleet_management.TestFleetDriversCRUD" name="test_fleet_create_driver" time="1.794" /><testcase classname="backend.tests.test_fleet_management.TestFleetDriversCRUD" name="test_fleet_get_drivers" time="1.154" /><testcase classname="backend.tests.test_fleet_management.TestFleetDriversCRUD" name="test_fleet_update_driver" time="2.334" /><testcase classname="backend.tests.test_fleet_management.TestFleetDriversCRUD" name="test_fleet_delete_driver" time="1.821" /><testcase classname="backend.tests.test_fleet_management.TestFleetVehiclesCRUD" name="test_fleet_create_vehicle" time="1.498" /><testcase classname="backend.tests.test_fleet_management.TestFleetVehiclesCRUD" name="test_fleet_get_vehicles" time="1.119" /><testcase classname="backend.tests.test_fleet_management.TestFleetVehiclesCRUD" name="test_fleet_update_vehicle" time="1.720" /><testcase classname="backend.tests.test_fleet_management.TestFleetVehiclesCRUD" name="test_fleet_delete_vehicle" time="1.725" /><testcase classname="backend.tests.test_fleet_management.TestFleetAssignDriverToJob" name="test_fleet_assign_driver_to_job" time="5.913" /><testcase classname="backend.tests.test_fleet_management.TestAdminSeesFleetAssignment" name="test_admin_bookings_show_assignment_info" time="0.915" /></testsuite></testsuites>