<?xml version="1.0" encoding="utf-8"?><testsuites name="pytest tests"><testsuite name="pytest" errors="0" failures="0" skipped="2" tests="9" time="6.521" timestamp="2026-02-08T02:02:58.875300+00:00" hostname="agent-env-f97581da-5081-4009-87d9-fc46bd370fea"><testcase classname="tests.test_customer_tracking.TestCustomerTracking" name="test_tracking_endpoint_with_valid_booking_ref" time="0.485" /><testcase classname="tests.test_customer_tracking.TestCustomerTracking" name="test_tracking_endpoint_with_invalid_booking_ref" time="0.453" /><testcase classname="tests.test_customer_tracking.TestCustomerTracking" name="test_tracking_returns_driver_info" time="0.451" /><testcase classname="tests.test_customer_tracking.TestCustomerTracking" name="test_tracking_returns_location_data" time="0.776" /><testcase classname="tests.test_customer_tracking.TestCustomerRating" name="test_rating_endpoint_already_rated" time="0.774" /><testcase classname="tests.test_customer_tracking.TestCustomerRating" name="test_rating_endpoint_invalid_booking" time="0.348" /><testcase classname="tests.test_customer_tracking.TestCustomerRating" name="test_rating_requires_completed_status" time="0.452" /><testcase classname="tests.test_customer_tracking.TestFleetDriverPhotoUrl" name="test_create_driver_with_photo_url" time="1.019"><skipped type="pytest.skip" message="BUG: photo_url field missing from backend Driver model">/app/backend/tests/test_customer_tracking.py:181: BUG: photo_url field missing from backend Driver model</skipped></testcase><testcase classname="tests.test_customer_tracking.TestFleetDriverPhotoUrl" name="test_update_driver_photo_url" time="1.702"><skipped type="pytest.skip" message="BUG: photo_url field missing from backend DriverUpdate model">/app/backend/tests/test_customer_tracking.py:214: BUG: photo_url field missing from backend DriverUpdate model</skipped></testcase></testsuite></testsuites>