<?xml version="1.0" encoding="utf-8"?><testsuites name="pytest tests"><testsuite name="pytest" errors="0" failures="2" skipped="0" tests="9" time="5.936" timestamp="2026-02-08T02:01:44.321653+00:00" hostname="agent-env-f97581da-5081-4009-87d9-fc46bd370fea"><testcase classname="tests.test_customer_tracking.TestCustomerTracking" name="test_tracking_endpoint_with_valid_booking_ref" time="0.480" /><testcase classname="tests.test_customer_tracking.TestCustomerTracking" name="test_tracking_endpoint_with_invalid_booking_ref" time="0.345" /><testcase classname="tests.test_customer_tracking.TestCustomerTracking" name="test_tracking_returns_driver_info" time="0.456" /><testcase classname="tests.test_customer_tracking.TestCustomerTracking" name="test_tracking_returns_location_data" time="0.449" /><testcase classname="tests.test_customer_tracking.TestCustomerRating" name="test_rating_endpoint_already_rated" time="0.459" /><testcase classname="tests.test_customer_tracking.TestCustomerRating" name="test_rating_endpoint_invalid_booking" time="0.457" /><testcase classname="tests.test_customer_tracking.TestCustomerRating" name="test_rating_requires_completed_status" time="0.450" /><testcase classname="tests.test_customer_tracking.TestFleetDriverPhotoUrl" name="test_create_driver_with_photo_url" time="1.126"><failure message="KeyError: 'photo_url'">tests/test_customer_tracking.py:164: in test_create_driver_with_photo_url
    assert data["photo_url"] == "https://example.com/driver_photo.jpg"
           ^^^^^^^^^^^^^^^^^
E   KeyError: 'photo_url'</failure></testcase><testcase classname="tests.test_customer_tracking.TestFleetDriverPhotoUrl" name="test_update_driver_photo_url" time="1.627"><failure message="KeyError: 'photo_url'">tests/test_customer_tracking.py:192: in test_update_driver_photo_url
    assert data["photo_url"] == "https://example.com/updated_photo.jpg"
           ^^^^^^^^^^^^^^^^^
E   KeyError: 'photo_url'</failure></testcase></testsuite></testsuites>