<?xml version="1.0" encoding="utf-8"?><testsuites name="pytest tests"><testsuite name="pytest" errors="0" failures="0" skipped="0" tests="22" time="19.388" timestamp="2026-01-31T05:04:37.054236+00:00" hostname="agent-env-41c087ae-c96d-41b4-afe3-84af37017bb5"><testcase classname="backend.tests.test_aircabio_api.TestHealthAndBasics" name="test_vehicles_endpoint_public" time="0.489" /><testcase classname="backend.tests.test_aircabio_api.TestHealthAndBasics" name="test_pricing_endpoint_public" time="0.781" /><testcase classname="backend.tests.test_aircabio_api.TestHealthAndBasics" name="test_fixed_routes_endpoint_public" time="0.347" /><testcase classname="backend.tests.test_aircabio_api.TestAdminAuth" name="test_admin_login_success" time="0.675" /><testcase classname="backend.tests.test_aircabio_api.TestAdminAuth" name="test_admin_login_invalid_credentials" time="0.448" /><testcase classname="backend.tests.test_aircabio_api.TestAdminAuth" name="test_admin_login_missing_fields" time="0.777" /><testcase classname="backend.tests.test_aircabio_api.TestFleetAuth" name="test_fleet_login_success" time="0.988" /><testcase classname="backend.tests.test_aircabio_api.TestFleetAuth" name="test_fleet_login_invalid_credentials" time="0.454" /><testcase classname="backend.tests.test_aircabio_api.TestAdminStats" name="test_admin_stats_endpoint" time="0.934" /><testcase classname="backend.tests.test_aircabio_api.TestAdminStats" name="test_admin_stats_unauthorized" time="0.666" /><testcase classname="backend.tests.test_aircabio_api.TestFleetManagement" name="test_get_fleets_list" time="1.437" /><testcase classname="backend.tests.test_aircabio_api.TestFleetManagement" name="test_get_fleets_unauthorized" time="0.771" /><testcase classname="backend.tests.test_aircabio_api.TestFleetStats" name="test_fleet_stats_endpoint" time="1.345" /><testcase classname="backend.tests.test_aircabio_api.TestFleetStats" name="test_fleet_stats_unauthorized" time="0.450" /><testcase classname="backend.tests.test_aircabio_api.TestFleetStats" name="test_fleet_jobs_endpoint" time="1.472" /><testcase classname="backend.tests.test_aircabio_api.TestAdminBookings" name="test_get_all_bookings" time="1.337" /><testcase classname="backend.tests.test_aircabio_api.TestAdminBookings" name="test_get_bookings_unauthorized" time="0.663" /><testcase classname="backend.tests.test_aircabio_api.TestAuthMe" name="test_auth_me_with_admin_token" time="1.336" /><testcase classname="backend.tests.test_aircabio_api.TestAuthMe" name="test_auth_me_with_fleet_token" time="1.260" /><testcase classname="backend.tests.test_aircabio_api.TestAuthMe" name="test_auth_me_unauthorized" time="0.346" /><testcase classname="backend.tests.test_aircabio_api.TestInvoices" name="test_get_invoices_admin" time="1.439" /><testcase classname="backend.tests.test_aircabio_api.TestDrivers" name="test_get_drivers_admin" time="0.912" /></testsuite></testsuites>