<?xml version="1.0" encoding="utf-8"?><testsuites name="pytest tests"><testsuite name="pytest" errors="0" failures="0" skipped="0" tests="22" time="12.943" timestamp="2026-02-08T02:40:54.139756+00:00" hostname="agent-env-37092ed5-b053-47fc-b2a1-05635abe9cd6"><testcase classname="backend.tests.test_p0_p1_p2_features.TestP0AdminSettingsChildSeats" name="test_public_child_seats_endpoint" time="0.478" /><testcase classname="backend.tests.test_p0_p1_p2_features.TestP0AdminSettingsChildSeats" name="test_admin_child_seats_endpoint" time="1.437" /><testcase classname="backend.tests.test_p0_p1_p2_features.TestP0AdminSettingsChildSeats" name="test_child_seat_pricing_structure" time="0.785" /><testcase classname="backend.tests.test_p0_p1_p2_features.TestP0AdminSettingsCurrencies" name="test_public_currencies_endpoint" time="0.458" /><testcase classname="backend.tests.test_p0_p1_p2_features.TestP0AdminSettingsCurrencies" name="test_admin_currencies_endpoint" time="0.354" /><testcase classname="backend.tests.test_p0_p1_p2_features.TestP0AdminSettingsCurrencies" name="test_currency_rate_structure" time="0.355" /><testcase classname="backend.tests.test_p0_p1_p2_features.TestP0AdminSettingsRatings" name="test_admin_ratings_endpoint" time="0.665" /><testcase classname="backend.tests.test_p0_p1_p2_features.TestP0AdminSettingsRatings" name="test_admin_ratings_summary_endpoint" time="0.453" /><testcase classname="backend.tests.test_p0_p1_p2_features.TestP1DriversManager" name="test_get_drivers_endpoint" time="0.768" /><testcase classname="backend.tests.test_p0_p1_p2_features.TestP1DriversManager" name="test_driver_structure" time="0.375" /><testcase classname="backend.tests.test_p0_p1_p2_features.TestP1VehiclesManager" name="test_get_admin_vehicles_endpoint" time="0.778" /><testcase classname="backend.tests.test_p0_p1_p2_features.TestP1VehiclesManager" name="test_vehicle_structure" time="0.455" /><testcase classname="backend.tests.test_p0_p1_p2_features.TestP1FleetsManager" name="test_get_fleets_endpoint" time="0.459" /><testcase classname="backend.tests.test_p0_p1_p2_features.TestP1FleetsManager" name="test_fleet_structure" time="0.347" /><testcase classname="backend.tests.test_p0_p1_p2_features.TestP2ETAWithTraffic" name="test_customer_tracking_endpoint_returns_eta_details" time="0.781" /><testcase classname="backend.tests.test_p0_p1_p2_features.TestP2ETAWithTraffic" name="test_tracking_endpoint_returns_booking_info" time="0.767" /><testcase classname="backend.tests.test_p0_p1_p2_features.TestP2ETAWithTraffic" name="test_tracking_endpoint_returns_driver_info" time="0.345" /><testcase classname="backend.tests.test_p0_p1_p2_features.TestP2ETAWithTraffic" name="test_tracking_endpoint_invalid_booking" time="0.772" /><testcase classname="backend.tests.test_p0_p1_p2_features.TestAdminSettingsAuthentication" name="test_admin_child_seats_requires_auth" time="0.354" /><testcase classname="backend.tests.test_p0_p1_p2_features.TestAdminSettingsAuthentication" name="test_admin_currencies_requires_auth" time="0.452" /><testcase classname="backend.tests.test_p0_p1_p2_features.TestAdminSettingsAuthentication" name="test_admin_ratings_requires_auth" time="0.768" /><testcase classname="backend.tests.test_p0_p1_p2_features.TestAdminSettingsAuthentication" name="test_admin_ratings_summary_requires_auth" time="0.444" /></testsuite></testsuites>