<?xml version="1.0" encoding="utf-8"?><testsuites name="pytest tests"><testsuite name="pytest" errors="0" failures="0" skipped="0" tests="15" time="18.092" timestamp="2026-02-05T00:44:08.426625+00:00" hostname="agent-env-f8890006-56f2-49f8-a00e-9abe806e2fdf"><testcase classname="backend.tests.test_fleet_enhancements.TestFleetEnhancements" name="test_tracking_session_endpoint_exists" time="0.516" /><testcase classname="backend.tests.test_fleet_enhancements.TestFleetEnhancements" name="test_tracking_update_status_endpoint_exists" time="0.814" /><testcase classname="backend.tests.test_fleet_enhancements.TestFleetEnhancements" name="test_tracking_update_status_valid_statuses" time="0.817" /><testcase classname="backend.tests.test_fleet_enhancements.TestFleetEnhancements" name="test_tracking_update_status_with_valid_status" time="0.937" /><testcase classname="backend.tests.test_fleet_enhancements.TestFleetEnhancements" name="test_fleet_notifications_endpoint" time="2.278" /><testcase classname="backend.tests.test_fleet_enhancements.TestFleetEnhancements" name="test_fleet_notifications_requires_auth" time="0.495" /><testcase classname="backend.tests.test_fleet_enhancements.TestFleetEnhancements" name="test_fleet_mark_notifications_read" time="2.290" /><testcase classname="backend.tests.test_fleet_enhancements.TestFleetEnhancements" name="test_fleet_mark_notifications_read_requires_auth" time="0.476" /><testcase classname="backend.tests.test_fleet_enhancements.TestFleetEnhancements" name="test_tracking_generate_requires_auth" time="0.810" /><testcase classname="backend.tests.test_fleet_enhancements.TestFleetEnhancements" name="test_tracking_generate_with_auth" time="1.933" /><testcase classname="backend.tests.test_fleet_enhancements.TestFleetEnhancements" name="test_tracking_generate_without_driver_fails" time="1.632" /><testcase classname="backend.tests.test_fleet_enhancements.TestFleetEnhancements" name="test_fleet_jobs_include_tracking_token" time="2.260" /><testcase classname="backend.tests.test_fleet_enhancements.TestDriverTrackingPageFeatures" name="test_tracking_session_returns_booking_details" time="0.364" /><testcase classname="backend.tests.test_fleet_enhancements.TestDriverTrackingPageFeatures" name="test_tracking_session_returns_status" time="0.474" /><testcase classname="backend.tests.test_fleet_enhancements.TestDriverTrackingPageFeatures" name="test_status_update_flow" time="1.935" /></testsuite></testsuites>