<?xml version="1.0" encoding="utf-8"?><testsuites name="pytest tests"><testsuite name="pytest" errors="0" failures="0" skipped="0" tests="8" time="12.926" timestamp="2026-02-05T01:17:44.929470+00:00" hostname="agent-env-f8890006-56f2-49f8-a00e-9abe806e2fdf"><testcase classname="backend.tests.test_tracking_visualization.TestTrackingVisualization" name="test_get_bookings_with_tracking" time="1.098" /><testcase classname="backend.tests.test_tracking_visualization.TestTrackingVisualization" name="test_get_tracking_data_for_booking" time="1.594" /><testcase classname="backend.tests.test_tracking_visualization.TestTrackingVisualization" name="test_tracking_session_by_token" time="2.071" /><testcase classname="backend.tests.test_tracking_visualization.TestTrackingVisualization" name="test_tracking_report_pdf_endpoint" time="1.535" /><testcase classname="backend.tests.test_tracking_visualization.TestTrackingVisualization" name="test_fleet_tracking_endpoint" time="1.414" /><testcase classname="backend.tests.test_tracking_visualization.TestTrackingVisualization" name="test_generate_tracking_link" time="1.273" /><testcase classname="backend.tests.test_tracking_visualization.TestFleetPortalTracking" name="test_fleet_jobs_with_tracking" time="1.612" /><testcase classname="backend.tests.test_tracking_visualization.TestFleetPortalTracking" name="test_fleet_tracking_for_job" time="2.269" /></testsuite></testsuites>