<?xml version="1.0" encoding="utf-8"?><testsuites name="pytest tests"><testsuite name="pytest" errors="0" failures="0" skipped="4" tests="16" time="22.436" timestamp="2026-02-02T01:13:44.726789+00:00" hostname="agent-env-8cdfe2b8-f0cf-4c79-834b-53df36289e46"><testcase classname="backend.tests.test_invoice_management.TestInvoiceManagement" name="test_get_invoices_admin" time="1.109" /><testcase classname="backend.tests.test_invoice_management.TestInvoiceManagement" name="test_get_invoices_fleet" time="0.451"><skipped type="pytest.skip" message="Fleet authentication failed: 401">/app/backend/tests/test_invoice_management.py:46: Fleet authentication failed: 401</skipped></testcase><testcase classname="backend.tests.test_invoice_management.TestInvoiceManagement" name="test_get_invoices_by_type" time="1.725" /><testcase classname="backend.tests.test_invoice_management.TestInvoiceManagement" name="test_get_uninvoiced_bookings_customer" time="0.985" /><testcase classname="backend.tests.test_invoice_management.TestInvoiceManagement" name="test_get_uninvoiced_bookings_fleet" time="0.986" /><testcase classname="backend.tests.test_invoice_management.TestInvoiceManagement" name="test_get_uninvoiced_bookings_driver" time="1.654" /><testcase classname="backend.tests.test_invoice_management.TestInvoiceManagement" name="test_auto_generate_fleet_invoices" time="1.626" /><testcase classname="backend.tests.test_invoice_management.TestInvoiceManagement" name="test_invoice_workflow_approve_issue_paid" time="3.246" /><testcase classname="backend.tests.test_invoice_management.TestInvoiceManagement" name="test_generate_customer_invoice" time="2.606" /><testcase classname="backend.tests.test_invoice_management.TestInvoiceManagement" name="test_generate_fleet_invoice" time="1.623" /><testcase classname="backend.tests.test_invoice_management.TestInvoiceManagement" name="test_update_invoice" time="1.092" /><testcase classname="backend.tests.test_invoice_management.TestInvoiceManagement" name="test_delete_invoice" time="1.444" /><testcase classname="backend.tests.test_invoice_management.TestInvoiceManagement" name="test_invoice_pdf_endpoint" time="1.744" /><testcase classname="backend.tests.test_invoice_management.TestInvoiceManagement" name="test_fleet_cannot_approve_invoice" time="1.092"><skipped type="pytest.skip" message="Fleet authentication failed: 401">/app/backend/tests/test_invoice_management.py:46: Fleet authentication failed: 401</skipped></testcase><testcase classname="backend.tests.test_invoice_management.TestInvoiceManagement" name="test_fleet_can_view_own_invoices" time="0.654"><skipped type="pytest.skip" message="Fleet authentication failed: 401">/app/backend/tests/test_invoice_management.py:46: Fleet authentication failed: 401</skipped></testcase><testcase classname="backend.tests.test_invoice_management.TestInvoiceManagement" name="test_fleet_can_download_own_invoice_pdf" time="0.344"><skipped type="pytest.skip" message="Fleet authentication failed: 401">/app/backend/tests/test_invoice_management.py:46: Fleet authentication failed: 401</skipped></testcase></testsuite></testsuites>