<?xml version="1.0" encoding="utf-8"?><testsuites name="pytest tests"><testsuite name="pytest" errors="0" failures="0" skipped="0" tests="6" time="11.871" timestamp="2026-02-02T22:51:38.023033+00:00" hostname="agent-env-f8890006-56f2-49f8-a00e-9abe806e2fdf"><testcase classname="tests.test_bug_fixes.TestBugFixes" name="test_admin_login" time="1.711" /><testcase classname="tests.test_bug_fixes.TestBugFixes" name="test_get_fleets" time="1.442" /><testcase classname="tests.test_bug_fixes.TestBugFixes" name="test_fleet_impersonation_api" time="2.926" /><testcase classname="tests.test_bug_fixes.TestBugFixes" name="test_invoice_download_api" time="1.792" /><testcase classname="tests.test_bug_fixes.TestBugFixes" name="test_driver_invoice_creation_api" time="2.101" /><testcase classname="tests.test_bug_fixes.TestBugFixes" name="test_invoice_list_with_tabs" time="1.841" /></testsuite></testsuites>