<?xml version="1.0" encoding="utf-8"?><testsuites name="pytest tests"><testsuite name="pytest" errors="0" failures="0" skipped="0" tests="16" time="22.842" timestamp="2026-02-02T00:25:55.078590+00:00" hostname="agent-env-8cdfe2b8-f0cf-4c79-834b-53df36289e46"><testcase classname="tests.test_fleet_management_improvements.TestFleetManagementImprovements" name="test_get_fleets_list" time="1.146" /><testcase classname="tests.test_fleet_management_improvements.TestFleetManagementImprovements" name="test_fleets_have_status_field" time="1.108" /><testcase classname="tests.test_fleet_management_improvements.TestFleetManagementImprovements" name="test_suspended_fleet_exists" time="1.004" /><testcase classname="tests.test_fleet_management_improvements.TestFleetManagementImprovements" name="test_get_single_fleet_details" time="1.115" /><testcase classname="tests.test_fleet_management_improvements.TestFleetManagementImprovements" name="test_get_fleet_drivers" time="1.212" /><testcase classname="tests.test_fleet_management_improvements.TestFleetManagementImprovements" name="test_get_fleet_vehicles" time="1.111" /><testcase classname="tests.test_fleet_management_improvements.TestFleetManagementImprovements" name="test_get_fleet_jobs" time="1.322" /><testcase classname="tests.test_fleet_management_improvements.TestFleetManagementImprovements" name="test_assign_job_to_suspended_fleet_returns_400" time="2.181" /><testcase classname="tests.test_fleet_management_improvements.TestFleetManagementImprovements" name="test_manual_booking_with_suspended_fleet_returns_400" time="0.995" /><testcase classname="tests.test_fleet_management_improvements.TestFleetManagementImprovements" name="test_assign_job_to_active_fleet_succeeds" time="2.595" /><testcase classname="tests.test_fleet_management_improvements.TestFleetManagementImprovements" name="test_admin_stats_include_fleet_counts" time="1.316" /><testcase classname="tests.test_fleet_management_improvements.TestFleetManagementImprovements" name="test_create_and_update_fleet_status" time="2.809" /><testcase classname="tests.test_fleet_management_improvements.TestFleetViewDialogAPIs" name="test_fleet_view_dialog_overview_data" time="1.010" /><testcase classname="tests.test_fleet_management_improvements.TestFleetViewDialogAPIs" name="test_fleet_view_dialog_drivers_tab_data" time="0.885" /><testcase classname="tests.test_fleet_management_improvements.TestFleetViewDialogAPIs" name="test_fleet_view_dialog_vehicles_tab_data" time="1.301" /><testcase classname="tests.test_fleet_management_improvements.TestFleetViewDialogAPIs" name="test_fleet_view_dialog_jobs_tab_data" time="1.632" /></testsuite></testsuites>